{"C:\\Users\\juli1\\OneDrive\\Desktop\\SENA JULIAN 2025\\QUINTO TRIMESTRE\\BC-EXPRESSJS-ERICK_GRANADOS\\week-09\\starter\\src\\app.ts": {"path":"C:\\Users\\juli1\\OneDrive\\Desktop\\SENA JULIAN 2025\\QUINTO TRIMESTRE\\BC-EXPRESSJS-ERICK_GRANADOS\\week-09\\starter\\src\\app.ts","statementMap":{"0":{"start":{"line":9,"column":19},"end":{"line":9,"column":28}},"1":{"start":{"line":11,"column":0},"end":{"line":11,"column":24}},"2":{"start":{"line":12,"column":0},"end":{"line":12,"column":24}},"3":{"start":{"line":13,"column":0},"end":{"line":13,"column":49}},"4":{"start":{"line":15,"column":0},"end":{"line":15,"column":36}},"5":{"start":{"line":16,"column":0},"end":{"line":16,"column":46}},"6":{"start":{"line":18,"column":0},"end":{"line":18,"column":18}},"7":{"start":{"line":19,"column":0},"end":{"line":19,"column":22}}},"fnMap":{},"branchMap":{},"s":{"0":1,"1":1,"2":1,"3":1,"4":1,"5":1,"6":1,"7":1},"f":{},"b":{}}
,"C:\\Users\\juli1\\OneDrive\\Desktop\\SENA JULIAN 2025\\QUINTO TRIMESTRE\\BC-EXPRESSJS-ERICK_GRANADOS\\week-09\\starter\\src\\config\\logger.ts": {"path":"C:\\Users\\juli1\\OneDrive\\Desktop\\SENA JULIAN 2025\\QUINTO TRIMESTRE\\BC-EXPRESSJS-ERICK_GRANADOS\\week-09\\starter\\src\\config\\logger.ts","statementMap":{"0":{"start":{"line":3,"column":21},"end":{"line":3,"column":58}},"1":{"start":{"line":5,"column":22},"end":{"line":15,"column":2}},"2":{"start":{"line":11,"column":65},"end":{"line":11,"column":102}},"3":{"start":{"line":17,"column":28},"end":{"line":17,"column":75}},"4":{"start":{"line":17,"column":52},"end":{"line":17,"column":73}}},"fnMap":{"0":{"name":"(anonymous_0)","decl":{"start":{"line":11,"column":30},"end":{"line":11,"column":31}},"loc":{"start":{"line":11,"column":65},"end":{"line":11,"column":102}}},"1":{"name":"(anonymous_1)","decl":{"start":{"line":17,"column":37},"end":{"line":17,"column":38}},"loc":{"start":{"line":17,"column":52},"end":{"line":17,"column":73}}}},"branchMap":{"0":{"loc":{"start":{"line":6,"column":9},"end":{"line":6,"column":39}},"type":"cond-expr","locations":[{"start":{"line":6,"column":24},"end":{"line":6,"column":30}},{"start":{"line":6,"column":33},"end":{"line":6,"column":39}}]},"1":{"loc":{"start":{"line":7,"column":10},"end":{"line":13,"column":79}},"type":"cond-expr","locations":[{"start":{"line":8,"column":6},"end":{"line":11,"column":null}},{"start":{"line":13,"column":6},"end":{"line":13,"column":79}}]}},"s":{"0":2,"1":2,"2":50,"3":2,"4":42},"f":{"0":50,"1":42},"b":{"0":[2,0],"1":[2,0]}}
,"C:\\Users\\juli1\\OneDrive\\Desktop\\SENA JULIAN 2025\\QUINTO TRIMESTRE\\BC-EXPRESSJS-ERICK_GRANADOS\\week-09\\starter\\src\\controllers\\auth.controller.ts": {"path":"C:\\Users\\juli1\\OneDrive\\Desktop\\SENA JULIAN 2025\\QUINTO TRIMESTRE\\BC-EXPRESSJS-ERICK_GRANADOS\\week-09\\starter\\src\\controllers\\auth.controller.ts","statementMap":{"0":{"start":{"line":6,"column":22},"end":{"line":6,"column":116}},"1":{"start":{"line":9,"column":2},"end":{"line":13,"column":30}},"2":{"start":{"line":10,"column":17},"end":{"line":10,"column":47}},"3":{"start":{"line":11,"column":20},"end":{"line":11,"column":52}},"4":{"start":{"line":12,"column":4},"end":{"line":12,"column":44}},"5":{"start":{"line":13,"column":18},"end":{"line":13,"column":28}},"6":{"start":{"line":17,"column":2},"end":{"line":23,"column":30}},"7":{"start":{"line":18,"column":17},"end":{"line":18,"column":44}},"8":{"start":{"line":19,"column":51},"end":{"line":19,"column":80}},"9":{"start":{"line":20,"column":4},"end":{"line":20,"column":89}},"10":{"start":{"line":21,"column":4},"end":{"line":21,"column":100}},"11":{"start":{"line":22,"column":4},"end":{"line":22,"column":44}},"12":{"start":{"line":23,"column":18},"end":{"line":23,"column":28}},"13":{"start":{"line":27,"column":2},"end":{"line":30,"column":30}},"14":{"start":{"line":28,"column":4},"end":{"line":28,"column":61}},"15":{"start":{"line":28,"column":19},"end":{"line":28,"column":61}},"16":{"start":{"line":29,"column":4},"end":{"line":29,"column":73}},"17":{"start":{"line":30,"column":18},"end":{"line":30,"column":28}},"18":{"start":{"line":34,"column":2},"end":{"line":43,"column":30}},"19":{"start":{"line":35,"column":18},"end":{"line":35,"column":43}},"20":{"start":{"line":36,"column":4},"end":{"line":36,"column":64}},"21":{"start":{"line":36,"column":16},"end":{"line":36,"column":64}},"22":{"start":{"line":38,"column":42},"end":{"line":38,"column":74}},"23":{"start":{"line":40,"column":4},"end":{"line":40,"column":89}},"24":{"start":{"line":41,"column":4},"end":{"line":41,"column":100}},"25":{"start":{"line":42,"column":4},"end":{"line":42,"column":66}},"26":{"start":{"line":43,"column":18},"end":{"line":43,"column":28}},"27":{"start":{"line":47,"column":2},"end":{"line":52,"column":30}},"28":{"start":{"line":48,"column":4},"end":{"line":48,"column":56}},"29":{"start":{"line":48,"column":18},"end":{"line":48,"column":56}},"30":{"start":{"line":49,"column":4},"end":{"line":49,"column":35}},"31":{"start":{"line":50,"column":4},"end":{"line":50,"column":36}},"32":{"start":{"line":51,"column":4},"end":{"line":51,"column":66}},"33":{"start":{"line":52,"column":18},"end":{"line":52,"column":28}}},"fnMap":{"0":{"name":"register","decl":{"start":{"line":8,"column":22},"end":{"line":8,"column":30}},"loc":{"start":{"line":8,"column":78},"end":{"line":14,"column":1}}},"1":{"name":"login","decl":{"start":{"line":16,"column":22},"end":{"line":16,"column":27}},"loc":{"start":{"line":16,"column":75},"end":{"line":24,"column":1}}},"2":{"name":"me","decl":{"start":{"line":26,"column":22},"end":{"line":26,"column":24}},"loc":{"start":{"line":26,"column":72},"end":{"line":31,"column":1}}},"3":{"name":"refresh","decl":{"start":{"line":33,"column":22},"end":{"line":33,"column":29}},"loc":{"start":{"line":33,"column":77},"end":{"line":44,"column":1}}},"4":{"name":"logout","decl":{"start":{"line":46,"column":22},"end":{"line":46,"column":28}},"loc":{"start":{"line":46,"column":76},"end":{"line":53,"column":1}}}},"branchMap":{"0":{"loc":{"start":{"line":28,"column":4},"end":{"line":28,"column":61}},"type":"if","locations":[{"start":{"line":28,"column":4},"end":{"line":28,"column":61}}]},"1":{"loc":{"start":{"line":36,"column":4},"end":{"line":36,"column":64}},"type":"if","locations":[{"start":{"line":36,"column":4},"end":{"line":36,"column":64}}]},"2":{"loc":{"start":{"line":48,"column":4},"end":{"line":48,"column":56}},"type":"if","locations":[{"start":{"line":48,"column":4},"end":{"line":48,"column":56}}]}},"s":{"0":1,"1":10,"2":10,"3":10,"4":10,"5":0,"6":10,"7":10,"8":10,"9":10,"10":10,"11":10,"12":0,"13":1,"14":1,"15":0,"16":1,"17":0,"18":2,"19":2,"20":2,"21":0,"22":2,"23":1,"24":1,"25":1,"26":1,"27":1,"28":1,"29":1,"30":1,"31":1,"32":1,"33":0},"f":{"0":10,"1":10,"2":1,"3":2,"4":1},"b":{"0":[0],"1":[0],"2":[1]}}
,"C:\\Users\\juli1\\OneDrive\\Desktop\\SENA JULIAN 2025\\QUINTO TRIMESTRE\\BC-EXPRESSJS-ERICK_GRANADOS\\week-09\\starter\\src\\controllers\\pacientes.controller.ts": {"path":"C:\\Users\\juli1\\OneDrive\\Desktop\\SENA JULIAN 2025\\QUINTO TRIMESTRE\\BC-EXPRESSJS-ERICK_GRANADOS\\week-09\\starter\\src\\controllers\\pacientes.controller.ts","statementMap":{"0":{"start":{"line":6,"column":2},"end":{"line":7,"column":28}},"1":{"start":{"line":6,"column":8},"end":{"line":6,"column":63}},"2":{"start":{"line":7,"column":16},"end":{"line":7,"column":26}},"3":{"start":{"line":11,"column":2},"end":{"line":14,"column":30}},"4":{"start":{"line":12,"column":19},"end":{"line":12,"column":50}},"5":{"start":{"line":13,"column":4},"end":{"line":13,"column":62}},"6":{"start":{"line":14,"column":18},"end":{"line":14,"column":28}},"7":{"start":{"line":18,"column":2},"end":{"line":21,"column":30}},"8":{"start":{"line":19,"column":17},"end":{"line":19,"column":53}},"9":{"start":{"line":20,"column":4},"end":{"line":20,"column":76}},"10":{"start":{"line":21,"column":18},"end":{"line":21,"column":28}},"11":{"start":{"line":25,"column":2},"end":{"line":29,"column":30}},"12":{"start":{"line":26,"column":19},"end":{"line":26,"column":50}},"13":{"start":{"line":27,"column":17},"end":{"line":27,"column":53}},"14":{"start":{"line":28,"column":4},"end":{"line":28,"column":71}},"15":{"start":{"line":29,"column":18},"end":{"line":29,"column":28}},"16":{"start":{"line":33,"column":2},"end":{"line":37,"column":30}},"17":{"start":{"line":34,"column":19},"end":{"line":34,"column":50}},"18":{"start":{"line":35,"column":4},"end":{"line":35,"column":31}},"19":{"start":{"line":36,"column":4},"end":{"line":36,"column":27}},"20":{"start":{"line":37,"column":18},"end":{"line":37,"column":28}}},"fnMap":{"0":{"name":"listar","decl":{"start":{"line":5,"column":22},"end":{"line":5,"column":28}},"loc":{"start":{"line":5,"column":76},"end":{"line":8,"column":1}}},"1":{"name":"obtenerPorId","decl":{"start":{"line":10,"column":22},"end":{"line":10,"column":34}},"loc":{"start":{"line":10,"column":82},"end":{"line":15,"column":1}}},"2":{"name":"crear","decl":{"start":{"line":17,"column":22},"end":{"line":17,"column":27}},"loc":{"start":{"line":17,"column":75},"end":{"line":22,"column":1}}},"3":{"name":"actualizar","decl":{"start":{"line":24,"column":22},"end":{"line":24,"column":32}},"loc":{"start":{"line":24,"column":80},"end":{"line":30,"column":1}}},"4":{"name":"eliminar","decl":{"start":{"line":32,"column":22},"end":{"line":32,"column":30}},"loc":{"start":{"line":32,"column":78},"end":{"line":38,"column":1}}}},"branchMap":{},"s":{"0":1,"1":1,"2":0,"3":1,"4":1,"5":1,"6":1,"7":7,"8":7,"9":6,"10":1,"11":4,"12":4,"13":3,"14":3,"15":3,"16":2,"17":2,"18":1,"19":1,"20":1},"f":{"0":1,"1":1,"2":7,"3":4,"4":2},"b":{}}
,"C:\\Users\\juli1\\OneDrive\\Desktop\\SENA JULIAN 2025\\QUINTO TRIMESTRE\\BC-EXPRESSJS-ERICK_GRANADOS\\week-09\\starter\\src\\errors\\AppError.ts": {"path":"C:\\Users\\juli1\\OneDrive\\Desktop\\SENA JULIAN 2025\\QUINTO TRIMESTRE\\BC-EXPRESSJS-ERICK_GRANADOS\\week-09\\starter\\src\\errors\\AppError.ts","statementMap":{"0":{"start":{"line":6,"column":4},"end":{"line":6,"column":19}},"1":{"start":{"line":7,"column":4},"end":{"line":7,"column":33}},"2":{"start":{"line":8,"column":4},"end":{"line":8,"column":30}},"3":{"start":{"line":9,"column":4},"end":{"line":9,"column":52}}},"fnMap":{"0":{"name":"(anonymous_0)","decl":{"start":{"line":5,"column":2},"end":{"line":5,"column":14}},"loc":{"start":{"line":5,"column":49},"end":{"line":10,"column":3}}}},"branchMap":{},"s":{"0":22,"1":22,"2":22,"3":22},"f":{"0":22},"b":{}}
,"C:\\Users\\juli1\\OneDrive\\Desktop\\SENA JULIAN 2025\\QUINTO TRIMESTRE\\BC-EXPRESSJS-ERICK_GRANADOS\\week-09\\starter\\src\\middlewares\\auth.middleware.ts": {"path":"C:\\Users\\juli1\\OneDrive\\Desktop\\SENA JULIAN 2025\\QUINTO TRIMESTRE\\BC-EXPRESSJS-ERICK_GRANADOS\\week-09\\starter\\src\\middlewares\\auth.middleware.ts","statementMap":{"0":{"start":{"line":6,"column":2},"end":{"line":13,"column":3}},"1":{"start":{"line":7,"column":18},"end":{"line":7,"column":42}},"2":{"start":{"line":8,"column":4},"end":{"line":8,"column":58}},"3":{"start":{"line":8,"column":16},"end":{"line":8,"column":58}},"4":{"start":{"line":9,"column":4},"end":{"line":9,"column":40}},"5":{"start":{"line":10,"column":4},"end":{"line":10,"column":11}},"6":{"start":{"line":12,"column":4},"end":{"line":12,"column":57}}},"fnMap":{"0":{"name":"authMiddleware","decl":{"start":{"line":5,"column":16},"end":{"line":5,"column":30}},"loc":{"start":{"line":5,"column":78},"end":{"line":14,"column":1}}}},"branchMap":{"0":{"loc":{"start":{"line":8,"column":4},"end":{"line":8,"column":58}},"type":"if","locations":[{"start":{"line":8,"column":4},"end":{"line":8,"column":58}}]}},"s":{"0":18,"1":18,"2":18,"3":2,"4":16,"5":16,"6":2},"f":{"0":18},"b":{"0":[2]}}
,"C:\\Users\\juli1\\OneDrive\\Desktop\\SENA JULIAN 2025\\QUINTO TRIMESTRE\\BC-EXPRESSJS-ERICK_GRANADOS\\week-09\\starter\\src\\middlewares\\error.middleware.ts": {"path":"C:\\Users\\juli1\\OneDrive\\Desktop\\SENA JULIAN 2025\\QUINTO TRIMESTRE\\BC-EXPRESSJS-ERICK_GRANADOS\\week-09\\starter\\src\\middlewares\\error.middleware.ts","statementMap":{"0":{"start":{"line":7,"column":2},"end":{"line":7,"column":97}},"1":{"start":{"line":11,"column":2},"end":{"line":16,"column":3}},"2":{"start":{"line":12,"column":4},"end":{"line":15,"column":7}},"3":{"start":{"line":14,"column":35},"end":{"line":14,"column":81}},"4":{"start":{"line":17,"column":2},"end":{"line":20,"column":3}},"5":{"start":{"line":18,"column":4},"end":{"line":18,"column":54}},"6":{"start":{"line":19,"column":4},"end":{"line":19,"column":85}},"7":{"start":{"line":21,"column":2},"end":{"line":21,"column":63}},"8":{"start":{"line":22,"column":2},"end":{"line":22,"column":98}}},"fnMap":{"0":{"name":"notFound","decl":{"start":{"line":6,"column":16},"end":{"line":6,"column":24}},"loc":{"start":{"line":6,"column":52},"end":{"line":8,"column":1}}},"1":{"name":"errorHandler","decl":{"start":{"line":10,"column":16},"end":{"line":10,"column":28}},"loc":{"start":{"line":10,"column":90},"end":{"line":23,"column":1}}},"2":{"name":"(anonymous_2)","decl":{"start":{"line":14,"column":29},"end":{"line":14,"column":30}},"loc":{"start":{"line":14,"column":35},"end":{"line":14,"column":81}}}},"branchMap":{"0":{"loc":{"start":{"line":11,"column":2},"end":{"line":16,"column":3}},"type":"if","locations":[{"start":{"line":11,"column":2},"end":{"line":16,"column":3}}]},"1":{"loc":{"start":{"line":17,"column":2},"end":{"line":20,"column":3}},"type":"if","locations":[{"start":{"line":17,"column":2},"end":{"line":20,"column":3}}]},"2":{"loc":{"start":{"line":21,"column":15},"end":{"line":21,"column":61}},"type":"cond-expr","locations":[{"start":{"line":21,"column":38},"end":{"line":21,"column":47}},{"start":{"line":21,"column":50},"end":{"line":21,"column":61}}]}},"s":{"0":0,"1":11,"2":3,"3":8,"4":8,"5":7,"6":7,"7":1,"8":1},"f":{"0":0,"1":11,"2":8},"b":{"0":[3],"1":[7],"2":[1,0]}}
,"C:\\Users\\juli1\\OneDrive\\Desktop\\SENA JULIAN 2025\\QUINTO TRIMESTRE\\BC-EXPRESSJS-ERICK_GRANADOS\\week-09\\starter\\src\\middlewares\\role.middleware.ts": {"path":"C:\\Users\\juli1\\OneDrive\\Desktop\\SENA JULIAN 2025\\QUINTO TRIMESTRE\\BC-EXPRESSJS-ERICK_GRANADOS\\week-09\\starter\\src\\middlewares\\role.middleware.ts","statementMap":{"0":{"start":{"line":5,"column":2},"end":{"line":11,"column":4}},"1":{"start":{"line":6,"column":4},"end":{"line":6,"column":68}},"2":{"start":{"line":6,"column":19},"end":{"line":6,"column":68}},"3":{"start":{"line":7,"column":4},"end":{"line":9,"column":5}},"4":{"start":{"line":8,"column":6},"end":{"line":8,"column":76}},"5":{"start":{"line":10,"column":4},"end":{"line":10,"column":11}}},"fnMap":{"0":{"name":"requireRole","decl":{"start":{"line":4,"column":16},"end":{"line":4,"column":27}},"loc":{"start":{"line":4,"column":56},"end":{"line":12,"column":1}}},"1":{"name":"(anonymous_1)","decl":{"start":{"line":5,"column":9},"end":{"line":5,"column":10}},"loc":{"start":{"line":5,"column":61},"end":{"line":11,"column":3}}}},"branchMap":{"0":{"loc":{"start":{"line":6,"column":4},"end":{"line":6,"column":68}},"type":"if","locations":[{"start":{"line":6,"column":4},"end":{"line":6,"column":68}}]},"1":{"loc":{"start":{"line":7,"column":4},"end":{"line":9,"column":5}},"type":"if","locations":[{"start":{"line":7,"column":4},"end":{"line":9,"column":5}}]}},"s":{"0":2,"1":4,"2":1,"3":3,"4":1,"5":2},"f":{"0":2,"1":4},"b":{"0":[1],"1":[1]}}
,"C:\\Users\\juli1\\OneDrive\\Desktop\\SENA JULIAN 2025\\QUINTO TRIMESTRE\\BC-EXPRESSJS-ERICK_GRANADOS\\week-09\\starter\\src\\models\\paciente.model.ts": {"path":"C:\\Users\\juli1\\OneDrive\\Desktop\\SENA JULIAN 2025\\QUINTO TRIMESTRE\\BC-EXPRESSJS-ERICK_GRANADOS\\week-09\\starter\\src\\models\\paciente.model.ts","statementMap":{"0":{"start":{"line":14,"column":23},"end":{"line":25,"column":null}},"1":{"start":{"line":28,"column":24},"end":{"line":28,"column":68}}},"fnMap":{},"branchMap":{},"s":{"0":1,"1":1},"f":{},"b":{}}
,"C:\\Users\\juli1\\OneDrive\\Desktop\\SENA JULIAN 2025\\QUINTO TRIMESTRE\\BC-EXPRESSJS-ERICK_GRANADOS\\week-09\\starter\\src\\models\\user.model.ts": {"path":"C:\\Users\\juli1\\OneDrive\\Desktop\\SENA JULIAN 2025\\QUINTO TRIMESTRE\\BC-EXPRESSJS-ERICK_GRANADOS\\week-09\\starter\\src\\models\\user.model.ts","statementMap":{"0":{"start":{"line":11,"column":19},"end":{"line":19,"column":null}},"1":{"start":{"line":22,"column":20},"end":{"line":22,"column":52}}},"fnMap":{},"branchMap":{},"s":{"0":1,"1":1},"f":{},"b":{}}
,"C:\\Users\\juli1\\OneDrive\\Desktop\\SENA JULIAN 2025\\QUINTO TRIMESTRE\\BC-EXPRESSJS-ERICK_GRANADOS\\week-09\\starter\\src\\repositories\\pacientes.repository.ts": {"path":"C:\\Users\\juli1\\OneDrive\\Desktop\\SENA JULIAN 2025\\QUINTO TRIMESTRE\\BC-EXPRESSJS-ERICK_GRANADOS\\week-09\\starter\\src\\repositories\\pacientes.repository.ts","statementMap":{"0":{"start":{"line":6,"column":2},"end":{"line":6,"column":67}},"1":{"start":{"line":10,"column":2},"end":{"line":15,"column":3}},"2":{"start":{"line":11,"column":4},"end":{"line":11,"column":81}},"3":{"start":{"line":13,"column":4},"end":{"line":13,"column":95}},"4":{"start":{"line":13,"column":34},"end":{"line":13,"column":95}},"5":{"start":{"line":14,"column":4},"end":{"line":14,"column":14}},"6":{"start":{"line":19,"column":2},"end":{"line":24,"column":3}},"7":{"start":{"line":20,"column":4},"end":{"line":20,"column":61}},"8":{"start":{"line":22,"column":4},"end":{"line":22,"column":106}},"9":{"start":{"line":22,"column":28},"end":{"line":22,"column":106}},"10":{"start":{"line":23,"column":4},"end":{"line":23,"column":14}},"11":{"start":{"line":28,"column":2},"end":{"line":37,"column":3}},"12":{"start":{"line":29,"column":24},"end":{"line":29,"column":102}},"13":{"start":{"line":30,"column":4},"end":{"line":30,"column":72}},"14":{"start":{"line":30,"column":22},"end":{"line":30,"column":72}},"15":{"start":{"line":31,"column":4},"end":{"line":31,"column":23}},"16":{"start":{"line":33,"column":4},"end":{"line":33,"column":43}},"17":{"start":{"line":33,"column":33},"end":{"line":33,"column":43}},"18":{"start":{"line":34,"column":4},"end":{"line":34,"column":106}},"19":{"start":{"line":34,"column":28},"end":{"line":34,"column":106}},"20":{"start":{"line":35,"column":4},"end":{"line":35,"column":95}},"21":{"start":{"line":35,"column":34},"end":{"line":35,"column":95}},"22":{"start":{"line":36,"column":4},"end":{"line":36,"column":14}},"23":{"start":{"line":41,"column":2},"end":{"line":48,"column":3}},"24":{"start":{"line":42,"column":22},"end":{"line":42,"column":58}},"25":{"start":{"line":43,"column":4},"end":{"line":43,"column":70}},"26":{"start":{"line":43,"column":20},"end":{"line":43,"column":70}},"27":{"start":{"line":45,"column":4},"end":{"line":45,"column":43}},"28":{"start":{"line":45,"column":33},"end":{"line":45,"column":43}},"29":{"start":{"line":46,"column":4},"end":{"line":46,"column":95}},"30":{"start":{"line":46,"column":34},"end":{"line":46,"column":95}},"31":{"start":{"line":47,"column":4},"end":{"line":47,"column":14}}},"fnMap":{"0":{"name":"findAll","decl":{"start":{"line":5,"column":22},"end":{"line":5,"column":29}},"loc":{"start":{"line":5,"column":29},"end":{"line":7,"column":1}}},"1":{"name":"findById","decl":{"start":{"line":9,"column":22},"end":{"line":9,"column":30}},"loc":{"start":{"line":9,"column":41},"end":{"line":16,"column":1}}},"2":{"name":"create","decl":{"start":{"line":18,"column":22},"end":{"line":18,"column":28}},"loc":{"start":{"line":18,"column":77},"end":{"line":25,"column":1}}},"3":{"name":"update","decl":{"start":{"line":27,"column":22},"end":{"line":27,"column":28}},"loc":{"start":{"line":27,"column":66},"end":{"line":38,"column":1}}},"4":{"name":"remove","decl":{"start":{"line":40,"column":22},"end":{"line":40,"column":28}},"loc":{"start":{"line":40,"column":39},"end":{"line":49,"column":1}}}},"branchMap":{"0":{"loc":{"start":{"line":13,"column":4},"end":{"line":13,"column":95}},"type":"if","locations":[{"start":{"line":13,"column":4},"end":{"line":13,"column":95}}]},"1":{"loc":{"start":{"line":22,"column":4},"end":{"line":22,"column":106}},"type":"if","locations":[{"start":{"line":22,"column":4},"end":{"line":22,"column":106}}]},"2":{"loc":{"start":{"line":30,"column":4},"end":{"line":30,"column":72}},"type":"if","locations":[{"start":{"line":30,"column":4},"end":{"line":30,"column":72}}]},"3":{"loc":{"start":{"line":33,"column":4},"end":{"line":33,"column":43}},"type":"if","locations":[{"start":{"line":33,"column":4},"end":{"line":33,"column":43}}]},"4":{"loc":{"start":{"line":34,"column":4},"end":{"line":34,"column":106}},"type":"if","locations":[{"start":{"line":34,"column":4},"end":{"line":34,"column":106}}]},"5":{"loc":{"start":{"line":35,"column":4},"end":{"line":35,"column":95}},"type":"if","locations":[{"start":{"line":35,"column":4},"end":{"line":35,"column":95}}]},"6":{"loc":{"start":{"line":43,"column":4},"end":{"line":43,"column":70}},"type":"if","locations":[{"start":{"line":43,"column":4},"end":{"line":43,"column":70}}]},"7":{"loc":{"start":{"line":45,"column":4},"end":{"line":45,"column":43}},"type":"if","locations":[{"start":{"line":45,"column":4},"end":{"line":45,"column":43}}]},"8":{"loc":{"start":{"line":46,"column":4},"end":{"line":46,"column":95}},"type":"if","locations":[{"start":{"line":46,"column":4},"end":{"line":46,"column":95}}]}},"s":{"0":1,"1":2,"2":2,"3":1,"4":1,"5":0,"6":8,"7":8,"8":2,"9":1,"10":1,"11":6,"12":6,"13":2,"14":1,"15":1,"16":5,"17":1,"18":4,"19":2,"20":2,"21":1,"22":1,"23":3,"24":3,"25":1,"26":0,"27":2,"28":0,"29":2,"30":1,"31":1},"f":{"0":1,"1":2,"2":8,"3":6,"4":3},"b":{"0":[1],"1":[1],"2":[1],"3":[1],"4":[2],"5":[1],"6":[0],"7":[0],"8":[1]}}
,"C:\\Users\\juli1\\OneDrive\\Desktop\\SENA JULIAN 2025\\QUINTO TRIMESTRE\\BC-EXPRESSJS-ERICK_GRANADOS\\week-09\\starter\\src\\repositories\\users.repository.ts": {"path":"C:\\Users\\juli1\\OneDrive\\Desktop\\SENA JULIAN 2025\\QUINTO TRIMESTRE\\BC-EXPRESSJS-ERICK_GRANADOS\\week-09\\starter\\src\\repositories\\users.repository.ts","statementMap":{"0":{"start":{"line":4,"column":2},"end":{"line":4,"column":71}},"1":{"start":{"line":7,"column":2},"end":{"line":7,"column":27}},"2":{"start":{"line":10,"column":2},"end":{"line":10,"column":27}},"3":{"start":{"line":13,"column":2},"end":{"line":13,"column":64}}},"fnMap":{"0":{"name":"findByEmail","decl":{"start":{"line":3,"column":22},"end":{"line":3,"column":33}},"loc":{"start":{"line":3,"column":47},"end":{"line":5,"column":1}}},"1":{"name":"findById","decl":{"start":{"line":6,"column":22},"end":{"line":6,"column":30}},"loc":{"start":{"line":6,"column":41},"end":{"line":8,"column":1}}},"2":{"name":"create","decl":{"start":{"line":9,"column":22},"end":{"line":9,"column":28}},"loc":{"start":{"line":9,"column":86},"end":{"line":11,"column":1}}},"3":{"name":"updateRefreshTokenHash","decl":{"start":{"line":12,"column":22},"end":{"line":12,"column":44}},"loc":{"start":{"line":12,"column":76},"end":{"line":14,"column":1}}}},"branchMap":{},"s":{"0":22,"1":1,"2":10,"3":12},"f":{"0":22,"1":1,"2":10,"3":12},"b":{}}
,"C:\\Users\\juli1\\OneDrive\\Desktop\\SENA JULIAN 2025\\QUINTO TRIMESTRE\\BC-EXPRESSJS-ERICK_GRANADOS\\week-09\\starter\\src\\routes\\auth.routes.ts": {"path":"C:\\Users\\juli1\\OneDrive\\Desktop\\SENA JULIAN 2025\\QUINTO TRIMESTRE\\BC-EXPRESSJS-ERICK_GRANADOS\\week-09\\starter\\src\\routes\\auth.routes.ts","statementMap":{"0":{"start":{"line":5,"column":26},"end":{"line":5,"column":34}},"1":{"start":{"line":7,"column":0},"end":{"line":7,"column":50}},"2":{"start":{"line":8,"column":0},"end":{"line":8,"column":44}},"3":{"start":{"line":9,"column":0},"end":{"line":9,"column":53}},"4":{"start":{"line":10,"column":0},"end":{"line":10,"column":48}},"5":{"start":{"line":11,"column":0},"end":{"line":11,"column":62}}},"fnMap":{},"branchMap":{},"s":{"0":1,"1":1,"2":1,"3":1,"4":1,"5":1},"f":{},"b":{}}
,"C:\\Users\\juli1\\OneDrive\\Desktop\\SENA JULIAN 2025\\QUINTO TRIMESTRE\\BC-EXPRESSJS-ERICK_GRANADOS\\week-09\\starter\\src\\routes\\pacientes.routes.ts": {"path":"C:\\Users\\juli1\\OneDrive\\Desktop\\SENA JULIAN 2025\\QUINTO TRIMESTRE\\BC-EXPRESSJS-ERICK_GRANADOS\\week-09\\starter\\src\\routes\\pacientes.routes.ts","statementMap":{"0":{"start":{"line":6,"column":31},"end":{"line":6,"column":39}},"1":{"start":{"line":8,"column":0},"end":{"line":8,"column":44}},"2":{"start":{"line":9,"column":0},"end":{"line":9,"column":53}},"3":{"start":{"line":10,"column":0},"end":{"line":10,"column":60}},"4":{"start":{"line":11,"column":0},"end":{"line":11,"column":67}},"5":{"start":{"line":12,"column":0},"end":{"line":12,"column":90}}},"fnMap":{},"branchMap":{},"s":{"0":1,"1":1,"2":1,"3":1,"4":1,"5":1},"f":{},"b":{}}
,"C:\\Users\\juli1\\OneDrive\\Desktop\\SENA JULIAN 2025\\QUINTO TRIMESTRE\\BC-EXPRESSJS-ERICK_GRANADOS\\week-09\\starter\\src\\services\\auth.service.ts": {"path":"C:\\Users\\juli1\\OneDrive\\Desktop\\SENA JULIAN 2025\\QUINTO TRIMESTRE\\BC-EXPRESSJS-ERICK_GRANADOS\\week-09\\starter\\src\\services\\auth.service.ts","statementMap":{"0":{"start":{"line":7,"column":20},"end":{"line":7,"column":22}},"1":{"start":{"line":10,"column":20},"end":{"line":10,"column":54}},"2":{"start":{"line":11,"column":2},"end":{"line":11,"column":79}},"3":{"start":{"line":11,"column":17},"end":{"line":11,"column":79}},"4":{"start":{"line":13,"column":23},"end":{"line":13,"column":68}},"5":{"start":{"line":14,"column":18},"end":{"line":14,"column":103}},"6":{"start":{"line":15,"column":2},"end":{"line":15,"column":95}},"7":{"start":{"line":19,"column":18},"end":{"line":19,"column":52}},"8":{"start":{"line":20,"column":2},"end":{"line":20,"column":66}},"9":{"start":{"line":20,"column":16},"end":{"line":20,"column":66}},"10":{"start":{"line":22,"column":25},"end":{"line":22,"column":78}},"11":{"start":{"line":23,"column":2},"end":{"line":23,"column":73}},"12":{"start":{"line":23,"column":23},"end":{"line":23,"column":73}},"13":{"start":{"line":25,"column":18},"end":{"line":25,"column":87}},"14":{"start":{"line":26,"column":22},"end":{"line":26,"column":46}},"15":{"start":{"line":27,"column":23},"end":{"line":27,"column":48}},"16":{"start":{"line":29,"column":22},"end":{"line":29,"column":66}},"17":{"start":{"line":30,"column":2},"end":{"line":30,"column":70}},"18":{"start":{"line":32,"column":2},"end":{"line":32,"column":57}},"19":{"start":{"line":36,"column":18},"end":{"line":36,"column":50}},"20":{"start":{"line":37,"column":18},"end":{"line":37,"column":55}},"21":{"start":{"line":38,"column":2},"end":{"line":38,"column":88}},"22":{"start":{"line":38,"column":45},"end":{"line":38,"column":88}},"23":{"start":{"line":40,"column":19},"end":{"line":40,"column":79}},"24":{"start":{"line":41,"column":2},"end":{"line":41,"column":60}},"25":{"start":{"line":41,"column":17},"end":{"line":41,"column":60}},"26":{"start":{"line":43,"column":23},"end":{"line":43,"column":92}},"27":{"start":{"line":44,"column":27},"end":{"line":44,"column":56}},"28":{"start":{"line":45,"column":28},"end":{"line":45,"column":58}},"29":{"start":{"line":47,"column":20},"end":{"line":47,"column":69}},"30":{"start":{"line":48,"column":2},"end":{"line":48,"column":68}},"31":{"start":{"line":50,"column":2},"end":{"line":50,"column":76}},"32":{"start":{"line":54,"column":2},"end":{"line":54,"column":50}},"33":{"start":{"line":58,"column":18},"end":{"line":58,"column":45}},"34":{"start":{"line":59,"column":2},"end":{"line":59,"column":65}},"35":{"start":{"line":59,"column":16},"end":{"line":59,"column":65}},"36":{"start":{"line":60,"column":2},"end":{"line":60,"column":95}}},"fnMap":{"0":{"name":"register","decl":{"start":{"line":9,"column":22},"end":{"line":9,"column":30}},"loc":{"start":{"line":9,"column":50},"end":{"line":16,"column":1}}},"1":{"name":"login","decl":{"start":{"line":18,"column":22},"end":{"line":18,"column":27}},"loc":{"start":{"line":18,"column":44},"end":{"line":33,"column":1}}},"2":{"name":"refresh","decl":{"start":{"line":35,"column":22},"end":{"line":35,"column":29}},"loc":{"start":{"line":35,"column":50},"end":{"line":51,"column":1}}},"3":{"name":"logout","decl":{"start":{"line":53,"column":22},"end":{"line":53,"column":28}},"loc":{"start":{"line":53,"column":43},"end":{"line":55,"column":1}}},"4":{"name":"getMe","decl":{"start":{"line":57,"column":22},"end":{"line":57,"column":27}},"loc":{"start":{"line":57,"column":42},"end":{"line":61,"column":1}}}},"branchMap":{"0":{"loc":{"start":{"line":11,"column":2},"end":{"line":11,"column":79}},"type":"if","locations":[{"start":{"line":11,"column":2},"end":{"line":11,"column":79}}]},"1":{"loc":{"start":{"line":20,"column":2},"end":{"line":20,"column":66}},"type":"if","locations":[{"start":{"line":20,"column":2},"end":{"line":20,"column":66}}]},"2":{"loc":{"start":{"line":23,"column":2},"end":{"line":23,"column":73}},"type":"if","locations":[{"start":{"line":23,"column":2},"end":{"line":23,"column":73}}]},"3":{"loc":{"start":{"line":38,"column":2},"end":{"line":38,"column":88}},"type":"if","locations":[{"start":{"line":38,"column":2},"end":{"line":38,"column":88}}]},"4":{"loc":{"start":{"line":38,"column":6},"end":{"line":38,"column":43}},"type":"binary-expr","locations":[{"start":{"line":38,"column":6},"end":{"line":38,"column":14}},{"start":{"line":38,"column":18},"end":{"line":38,"column":43}}]},"5":{"loc":{"start":{"line":41,"column":2},"end":{"line":41,"column":60}},"type":"if","locations":[{"start":{"line":41,"column":2},"end":{"line":41,"column":60}}]},"6":{"loc":{"start":{"line":59,"column":2},"end":{"line":59,"column":65}},"type":"if","locations":[{"start":{"line":59,"column":2},"end":{"line":59,"column":65}}]}},"s":{"0":2,"1":12,"2":12,"3":1,"4":11,"5":11,"6":11,"7":12,"8":12,"9":1,"10":11,"11":11,"12":1,"13":10,"14":10,"15":10,"16":10,"17":10,"18":10,"19":2,"20":2,"21":2,"22":1,"23":1,"24":1,"25":0,"26":1,"27":1,"28":1,"29":1,"30":1,"31":1,"32":1,"33":1,"34":1,"35":0,"36":1},"f":{"0":12,"1":12,"2":2,"3":1,"4":1},"b":{"0":[1],"1":[1],"2":[1],"3":[1],"4":[2,2],"5":[0],"6":[0]}}
,"C:\\Users\\juli1\\OneDrive\\Desktop\\SENA JULIAN 2025\\QUINTO TRIMESTRE\\BC-EXPRESSJS-ERICK_GRANADOS\\week-09\\starter\\src\\services\\pacientes.service.ts": {"path":"C:\\Users\\juli1\\OneDrive\\Desktop\\SENA JULIAN 2025\\QUINTO TRIMESTRE\\BC-EXPRESSJS-ERICK_GRANADOS\\week-09\\starter\\src\\services\\pacientes.service.ts","statementMap":{"0":{"start":{"line":6,"column":2},"end":{"line":6,"column":24}},"1":{"start":{"line":10,"column":19},"end":{"line":10,"column":42}},"2":{"start":{"line":11,"column":2},"end":{"line":11,"column":67}},"3":{"start":{"line":11,"column":17},"end":{"line":11,"column":67}},"4":{"start":{"line":12,"column":2},"end":{"line":12,"column":18}},"5":{"start":{"line":16,"column":2},"end":{"line":16,"column":42}},"6":{"start":{"line":20,"column":22},"end":{"line":20,"column":49}},"7":{"start":{"line":21,"column":2},"end":{"line":21,"column":70}},"8":{"start":{"line":21,"column":20},"end":{"line":21,"column":70}},"9":{"start":{"line":22,"column":2},"end":{"line":22,"column":21}},"10":{"start":{"line":26,"column":2},"end":{"line":26,"column":24}}},"fnMap":{"0":{"name":"listar","decl":{"start":{"line":5,"column":22},"end":{"line":5,"column":28}},"loc":{"start":{"line":5,"column":28},"end":{"line":7,"column":1}}},"1":{"name":"obtener","decl":{"start":{"line":9,"column":22},"end":{"line":9,"column":29}},"loc":{"start":{"line":9,"column":40},"end":{"line":13,"column":1}}},"2":{"name":"crear","decl":{"start":{"line":15,"column":22},"end":{"line":15,"column":27}},"loc":{"start":{"line":15,"column":76},"end":{"line":17,"column":1}}},"3":{"name":"actualizar","decl":{"start":{"line":19,"column":22},"end":{"line":19,"column":32}},"loc":{"start":{"line":19,"column":70},"end":{"line":23,"column":1}}},"4":{"name":"eliminar","decl":{"start":{"line":25,"column":22},"end":{"line":25,"column":30}},"loc":{"start":{"line":25,"column":41},"end":{"line":27,"column":1}}}},"branchMap":{"0":{"loc":{"start":{"line":11,"column":2},"end":{"line":11,"column":67}},"type":"if","locations":[{"start":{"line":11,"column":2},"end":{"line":11,"column":67}}]},"1":{"loc":{"start":{"line":21,"column":2},"end":{"line":21,"column":70}},"type":"if","locations":[{"start":{"line":21,"column":2},"end":{"line":21,"column":70}}]}},"s":{"0":2,"1":3,"2":3,"3":2,"4":1,"5":8,"6":5,"7":3,"8":1,"9":2,"10":3},"f":{"0":2,"1":3,"2":8,"3":5,"4":3},"b":{"0":[2],"1":[1]}}
,"C:\\Users\\juli1\\OneDrive\\Desktop\\SENA JULIAN 2025\\QUINTO TRIMESTRE\\BC-EXPRESSJS-ERICK_GRANADOS\\week-09\\starter\\src\\utils\\jwt.ts": {"path":"C:\\Users\\juli1\\OneDrive\\Desktop\\SENA JULIAN 2025\\QUINTO TRIMESTRE\\BC-EXPRESSJS-ERICK_GRANADOS\\week-09\\starter\\src\\utils\\jwt.ts","statementMap":{"0":{"start":{"line":3,"column":22},"end":{"line":3,"column":52}},"1":{"start":{"line":4,"column":23},"end":{"line":4,"column":54}},"2":{"start":{"line":5,"column":23},"end":{"line":5,"column":62}},"3":{"start":{"line":6,"column":24},"end":{"line":6,"column":63}},"4":{"start":{"line":15,"column":2},"end":{"line":15,"column":92}},"5":{"start":{"line":18,"column":2},"end":{"line":18,"column":94}},"6":{"start":{"line":21,"column":2},"end":{"line":21,"column":56}},"7":{"start":{"line":24,"column":2},"end":{"line":24,"column":57}}},"fnMap":{"0":{"name":"signAccessToken","decl":{"start":{"line":14,"column":16},"end":{"line":14,"column":31}},"loc":{"start":{"line":14,"column":51},"end":{"line":16,"column":1}}},"1":{"name":"signRefreshToken","decl":{"start":{"line":17,"column":16},"end":{"line":17,"column":32}},"loc":{"start":{"line":17,"column":52},"end":{"line":19,"column":1}}},"2":{"name":"verifyAccessToken","decl":{"start":{"line":20,"column":16},"end":{"line":20,"column":33}},"loc":{"start":{"line":20,"column":47},"end":{"line":22,"column":1}}},"3":{"name":"verifyRefreshToken","decl":{"start":{"line":23,"column":16},"end":{"line":23,"column":34}},"loc":{"start":{"line":23,"column":48},"end":{"line":25,"column":1}}}},"branchMap":{"0":{"loc":{"start":{"line":5,"column":23},"end":{"line":5,"column":62}},"type":"binary-expr","locations":[{"start":{"line":5,"column":23},"end":{"line":5,"column":53}},{"start":{"line":5,"column":57},"end":{"line":5,"column":62}}]},"1":{"loc":{"start":{"line":6,"column":24},"end":{"line":6,"column":63}},"type":"binary-expr","locations":[{"start":{"line":6,"column":24},"end":{"line":6,"column":55}},{"start":{"line":6,"column":59},"end":{"line":6,"column":63}}]}},"s":{"0":2,"1":2,"2":2,"3":2,"4":11,"5":11,"6":16,"7":2},"f":{"0":11,"1":11,"2":16,"3":2},"b":{"0":[2,0],"1":[2,0]}}
,"C:\\Users\\juli1\\OneDrive\\Desktop\\SENA JULIAN 2025\\QUINTO TRIMESTRE\\BC-EXPRESSJS-ERICK_GRANADOS\\week-09\\starter\\src\\validators\\auth.schema.ts": {"path":"C:\\Users\\juli1\\OneDrive\\Desktop\\SENA JULIAN 2025\\QUINTO TRIMESTRE\\BC-EXPRESSJS-ERICK_GRANADOS\\week-09\\starter\\src\\validators\\auth.schema.ts","statementMap":{"0":{"start":{"line":3,"column":30},"end":{"line":7,"column":2}},"1":{"start":{"line":9,"column":27},"end":{"line":12,"column":2}}},"fnMap":{},"branchMap":{},"s":{"0":1,"1":1},"f":{},"b":{}}
,"C:\\Users\\juli1\\OneDrive\\Desktop\\SENA JULIAN 2025\\QUINTO TRIMESTRE\\BC-EXPRESSJS-ERICK_GRANADOS\\week-09\\starter\\src\\validators\\pacientes.schema.ts": {"path":"C:\\Users\\juli1\\OneDrive\\Desktop\\SENA JULIAN 2025\\QUINTO TRIMESTRE\\BC-EXPRESSJS-ERICK_GRANADOS\\week-09\\starter\\src\\validators\\pacientes.schema.ts","statementMap":{"0":{"start":{"line":3,"column":36},"end":{"line":11,"column":2}},"1":{"start":{"line":13,"column":36},"end":{"line":13,"column":66}},"2":{"start":{"line":15,"column":29},"end":{"line":17,"column":2}}},"fnMap":{},"branchMap":{},"s":{"0":1,"1":1,"2":1},"f":{},"b":{}}
}
