TN:
SF:src\app.ts
FNF:0
FNH:0
DA:9,1
DA:11,1
DA:12,1
DA:13,1
DA:15,1
DA:16,1
DA:18,1
DA:19,1
LF:8
LH:8
BRF:0
BRH:0
end_of_record
TN:
SF:src\config\logger.ts
FN:11,(anonymous_0)
FN:17,(anonymous_1)
FNF:2
FNH:2
FNDA:50,(anonymous_0)
FNDA:42,(anonymous_1)
DA:3,2
DA:5,2
DA:11,50
DA:17,42
LF:4
LH:4
BRDA:6,0,0,2
BRDA:6,0,1,0
BRDA:7,1,0,2
BRDA:7,1,1,0
BRF:4
BRH:2
end_of_record
TN:
SF:src\controllers\auth.controller.ts
FN:8,register
FN:16,login
FN:26,me
FN:33,refresh
FN:46,logout
FNF:5
FNH:5
FNDA:10,register
FNDA:10,login
FNDA:1,me
FNDA:2,refresh
FNDA:1,logout
DA:6,1
DA:9,10
DA:10,10
DA:11,10
DA:12,10
DA:13,0
DA:17,10
DA:18,10
DA:19,10
DA:20,10
DA:21,10
DA:22,10
DA:23,0
DA:27,1
DA:28,1
DA:29,1
DA:30,0
DA:34,2
DA:35,2
DA:36,2
DA:38,2
DA:40,1
DA:41,1
DA:42,1
DA:43,1
DA:47,1
DA:48,1
DA:49,1
DA:50,1
DA:51,1
DA:52,0
LF:31
LH:27
BRDA:28,0,0,0
BRDA:36,1,0,0
BRDA:48,2,0,1
BRF:3
BRH:1
end_of_record
TN:
SF:src\controllers\pacientes.controller.ts
FN:5,listar
FN:10,obtenerPorId
FN:17,crear
FN:24,actualizar
FN:32,eliminar
FNF:5
FNH:5
FNDA:1,listar
FNDA:1,obtenerPorId
FNDA:7,crear
FNDA:4,actualizar
FNDA:2,eliminar
DA:6,1
DA:7,0
DA:11,1
DA:12,1
DA:13,1
DA:14,1
DA:18,7
DA:19,7
DA:20,6
DA:21,1
DA:25,4
DA:26,4
DA:27,3
DA:28,3
DA:29,3
DA:33,2
DA:34,2
DA:35,1
DA:36,1
DA:37,1
LF:20
LH:19
BRF:0
BRH:0
end_of_record
TN:
SF:src\errors\AppError.ts
FN:5,(anonymous_0)
FNF:1
FNH:1
FNDA:22,(anonymous_0)
DA:6,22
DA:7,22
DA:8,22
DA:9,22
LF:4
LH:4
BRF:0
BRH:0
end_of_record
TN:
SF:src\middlewares\auth.middleware.ts
FN:5,authMiddleware
FNF:1
FNH:1
FNDA:18,authMiddleware
DA:6,18
DA:7,18
DA:8,18
DA:9,16
DA:10,16
DA:12,2
LF:6
LH:6
BRDA:8,0,0,2
BRF:1
BRH:1
end_of_record
TN:
SF:src\middlewares\error.middleware.ts
FN:6,notFound
FN:10,errorHandler
FN:14,(anonymous_2)
FNF:3
FNH:2
FNDA:0,notFound
FNDA:11,errorHandler
FNDA:8,(anonymous_2)
DA:7,0
DA:11,11
DA:12,3
DA:14,8
DA:17,8
DA:18,7
DA:19,7
DA:21,1
DA:22,1
LF:9
LH:8
BRDA:11,0,0,3
BRDA:17,1,0,7
BRDA:21,2,0,1
BRDA:21,2,1,0
BRF:4
BRH:3
end_of_record
TN:
SF:src\middlewares\role.middleware.ts
FN:4,requireRole
FN:5,(anonymous_1)
FNF:2
FNH:2
FNDA:2,requireRole
FNDA:4,(anonymous_1)
DA:5,2
DA:6,4
DA:7,3
DA:8,1
DA:10,2
LF:5
LH:5
BRDA:6,0,0,1
BRDA:7,1,0,1
BRF:2
BRH:2
end_of_record
TN:
SF:src\models\paciente.model.ts
FNF:0
FNH:0
DA:14,1
DA:28,1
LF:2
LH:2
BRF:0
BRH:0
end_of_record
TN:
SF:src\models\user.model.ts
FNF:0
FNH:0
DA:11,1
DA:22,1
LF:2
LH:2
BRF:0
BRH:0
end_of_record
TN:
SF:src\repositories\pacientes.repository.ts
FN:5,findAll
FN:9,findById
FN:18,create
FN:27,update
FN:40,remove
FNF:5
FNH:5
FNDA:1,findAll
FNDA:2,findById
FNDA:8,create
FNDA:6,update
FNDA:3,remove
DA:6,1
DA:10,2
DA:11,2
DA:13,1
DA:14,0
DA:19,8
DA:20,8
DA:22,2
DA:23,1
DA:28,6
DA:29,6
DA:30,2
DA:31,1
DA:33,5
DA:34,4
DA:35,2
DA:36,1
DA:41,3
DA:42,3
DA:43,1
DA:45,2
DA:46,2
DA:47,1
LF:23
LH:22
BRDA:13,0,0,1
BRDA:22,1,0,1
BRDA:30,2,0,1
BRDA:33,3,0,1
BRDA:34,4,0,2
BRDA:35,5,0,1
BRDA:43,6,0,0
BRDA:45,7,0,0
BRDA:46,8,0,1
BRF:9
BRH:7
end_of_record
TN:
SF:src\repositories\users.repository.ts
FN:3,findByEmail
FN:6,findById
FN:9,create
FN:12,updateRefreshTokenHash
FNF:4
FNH:4
FNDA:22,findByEmail
FNDA:1,findById
FNDA:10,create
FNDA:12,updateRefreshTokenHash
DA:4,22
DA:7,1
DA:10,10
DA:13,12
LF:4
LH:4
BRF:0
BRH:0
end_of_record
TN:
SF:src\routes\auth.routes.ts
FNF:0
FNH:0
DA:5,1
DA:7,1
DA:8,1
DA:9,1
DA:10,1
DA:11,1
LF:6
LH:6
BRF:0
BRH:0
end_of_record
TN:
SF:src\routes\pacientes.routes.ts
FNF:0
FNH:0
DA:6,1
DA:8,1
DA:9,1
DA:10,1
DA:11,1
DA:12,1
LF:6
LH:6
BRF:0
BRH:0
end_of_record
TN:
SF:src\services\auth.service.ts
FN:9,register
FN:18,login
FN:35,refresh
FN:53,logout
FN:57,getMe
FNF:5
FNH:5
FNDA:12,register
FNDA:12,login
FNDA:2,refresh
FNDA:1,logout
FNDA:1,getMe
DA:7,2
DA:10,12
DA:11,12
DA:13,11
DA:14,11
DA:15,11
DA:19,12
DA:20,12
DA:22,11
DA:23,11
DA:25,10
DA:26,10
DA:27,10
DA:29,10
DA:30,10
DA:32,10
DA:36,2
DA:37,2
DA:38,2
DA:40,1
DA:41,1
DA:43,1
DA:44,1
DA:45,1
DA:47,1
DA:48,1
DA:50,1
DA:54,1
DA:58,1
DA:59,1
DA:60,1
LF:31
LH:31
BRDA:11,0,0,1
BRDA:20,1,0,1
BRDA:23,2,0,1
BRDA:38,3,0,1
BRDA:38,4,0,2
BRDA:38,4,1,2
BRDA:41,5,0,0
BRDA:59,6,0,0
BRF:8
BRH:6
end_of_record
TN:
SF:src\services\pacientes.service.ts
FN:5,listar
FN:9,obtener
FN:15,crear
FN:19,actualizar
FN:25,eliminar
FNF:5
FNH:5
FNDA:2,listar
FNDA:3,obtener
FNDA:8,crear
FNDA:5,actualizar
FNDA:3,eliminar
DA:6,2
DA:10,3
DA:11,3
DA:12,1
DA:16,8
DA:20,5
DA:21,3
DA:22,2
DA:26,3
LF:9
LH:9
BRDA:11,0,0,2
BRDA:21,1,0,1
BRF:2
BRH:2
end_of_record
TN:
SF:src\utils\jwt.ts
FN:14,signAccessToken
FN:17,signRefreshToken
FN:20,verifyAccessToken
FN:23,verifyRefreshToken
FNF:4
FNH:4
FNDA:11,signAccessToken
FNDA:11,signRefreshToken
FNDA:16,verifyAccessToken
FNDA:2,verifyRefreshToken
DA:3,2
DA:4,2
DA:5,2
DA:6,2
DA:15,11
DA:18,11
DA:21,16
DA:24,2
LF:8
LH:8
BRDA:5,0,0,2
BRDA:5,0,1,0
BRDA:6,1,0,2
BRDA:6,1,1,0
BRF:4
BRH:2
end_of_record
TN:
SF:src\validators\auth.schema.ts
FNF:0
FNH:0
DA:3,1
DA:9,1
LF:2
LH:2
BRF:0
BRH:0
end_of_record
TN:
SF:src\validators\pacientes.schema.ts
FNF:0
FNH:0
DA:3,1
DA:13,1
DA:15,1
LF:3
LH:3
BRF:0
BRH:0
end_of_record
